2023-07-20 15:50:57,323 INFO  [Log] Application opened 
2023-07-21 15:21:01,094 INFO  [Log] Application opened 
2023-07-21 15:21:02,511 INFO  [Log] Login completed 
2023-07-21 15:33:46,464 INFO  [Log] Application opened 
2023-07-21 15:33:49,017 INFO  [Log] Login completed 
2023-07-21 15:33:49,239 INFO  [Log] Enter into feame 
2023-07-21 15:33:55,670 INFO  [Log] exsit from frame 
2023-07-21 15:33:55,801 INFO  [Log] Logout completd 
2023-07-21 15:33:56,772 INFO  [Log] Application close 
2023-07-21 15:34:06,616 INFO  [Log] Application opened 
2023-07-21 15:34:08,110 INFO  [Log] Login completed 
2023-07-21 15:34:08,291 INFO  [Log] Logout completd 
2023-07-21 15:34:08,989 INFO  [Log] Application close 
2023-07-21 15:34:19,526 INFO  [Log] Application opened 
2023-07-21 15:34:21,144 INFO  [Log] Login completed 
2023-07-21 15:34:21,228 INFO  [Log] Enter into feame 
2023-07-21 15:34:22,395 INFO  [Log] Add New Emp 
2023-07-21 15:34:24,052 INFO  [Log] exsit from frame 
2023-07-21 15:34:24,157 INFO  [Log] Logout completd 
2023-07-21 15:34:24,636 INFO  [Log] Application close 
2023-07-21 15:36:26,366 INFO  [Log] Application opened 
2023-07-21 15:36:27,544 INFO  [Log] Login completed 
2023-07-21 15:36:28,797 INFO  [Log] Enter into feame 
2023-07-21 15:36:32,619 INFO  [Log] exsit from frame 
2023-07-21 15:36:32,726 INFO  [Log] Logout completd 
2023-07-21 15:36:33,310 INFO  [Log] Application close 
2023-07-21 15:36:38,741 INFO  [Log] Application opened 
2023-07-21 15:36:40,349 INFO  [Log] Login completed 
2023-07-21 15:36:40,473 INFO  [Log] Logout completd 
2023-07-21 15:36:41,376 INFO  [Log] Application close 
2023-07-21 15:36:48,902 INFO  [Log] Application opened 
2023-07-21 15:36:50,859 INFO  [Log] Login completed 
2023-07-21 15:36:50,957 INFO  [Log] Enter into feame 
2023-07-21 15:36:52,037 INFO  [Log] Add New Emp 
2023-07-21 15:36:53,526 INFO  [Log] exsit from frame 
2023-07-21 15:36:53,636 INFO  [Log] Logout completd 
2023-07-21 15:36:54,097 INFO  [Log] Application close 
2023-07-21 16:36:25,398 INFO  [Log] Application opened 
2023-07-21 16:36:26,404 INFO  [Log] Login completed 
2023-07-21 16:36:27,317 INFO  [Log] Enter into feame 
2023-07-21 16:36:31,161 INFO  [Log] exsit from frame 
2023-07-21 16:36:31,271 INFO  [Log] Logout completd 
2023-07-21 16:36:31,759 INFO  [Log] Application close 
2023-07-21 16:36:37,591 INFO  [Log] Application opened 
2023-07-21 16:36:38,945 INFO  [Log] Login completed 
2023-07-21 16:36:39,069 INFO  [Log] Logout completd 
2023-07-21 16:36:39,500 INFO  [Log] Application close 
2023-07-21 16:36:42,780 INFO  [Log] Application opened 
2023-07-21 16:36:44,794 INFO  [Log] Login completed 
2023-07-21 16:36:44,919 INFO  [Log] Enter into feame 
2023-07-21 16:36:46,213 INFO  [Log] Add New Emp 
2023-07-21 17:17:14,120 INFO  [Log] Application opened 
2023-07-21 17:17:15,410 INFO  [Log] Login completed 
2023-07-21 17:17:15,549 INFO  [Log] Enter into feame 
2023-07-21 17:17:18,864 INFO  [Log] exsit from frame 
2023-07-21 17:17:18,962 INFO  [Log] Logout completd 
2023-07-21 17:17:19,459 INFO  [Log] Application close 
2023-07-21 17:17:25,136 INFO  [Log] Application opened 
